<?xml version="1.0" encoding="UTF-8" standalone="no"?>
<testsuite failures="0" name="cucumber.runtime.formatter.JUnitFormatter" skipped="0" tests="1" time="10.527699">
    <testcase classname="Free CRM Login Feature" name="Free CRM Login Test Scenario" time="10.527699">
        <system-out><![CDATA[Given user is already on Login Page.........................................passed
When title of login page is Free CRM........................................passed
]]></system-out>
    </testcase>
</testsuite>
